Determining if the pthread_create exist failed with the following output:
Change Dir: /home/ri/catkin_ws/build/CMakeFiles/CMakeTmp

Run Build Command:"/usr/bin/make" "cmTC_e9c5b/fast"
/usr/bin/make -f CMakeFiles/cmTC_e9c5b.dir/build.make CMakeFiles/cmTC_e9c5b.dir/build
make[1]: ディレクトリ '/home/ri/catkin_ws/build/CMakeFiles/CMakeTmp' に入ります
Building C object CMakeFiles/cmTC_e9c5b.dir/CheckSymbolExists.c.o
/usr/bin/cc     -o CMakeFiles/cmTC_e9c5b.dir/CheckSymbolExists.c.o   -c /home/ri/catkin_ws/build/CMakeFiles/CMakeTmp/CheckSymbolExists.c
Linking C executable cmTC_e9c5b
/usr/bin/cmake -E cmake_link_script CMakeFiles/cmTC_e9c5b.dir/link.txt --verbose=1
/usr/bin/cc       CMakeFiles/cmTC_e9c5b.dir/CheckSymbolExists.c.o  -o cmTC_e9c5b -rdynamic 
CMakeFiles/cmTC_e9c5b.dir/CheckSymbolExists.c.o: 関数 `main' 内:
CheckSymbolExists.c:(.text+0xe): `pthread_create' に対する定義されていない参照です
CheckSymbolExists.c:(.text+0x12): `pthread_create' に対する定義されていない参照です
collect2: error: ld returned 1 exit status
CMakeFiles/cmTC_e9c5b.dir/build.make:97: ターゲット 'cmTC_e9c5b' のレシピで失敗しました
make[1]: *** [cmTC_e9c5b] エラー 1
make[1]: ディレクトリ '/home/ri/catkin_ws/build/CMakeFiles/CMakeTmp' から出ます
Makefile:126: ターゲット 'cmTC_e9c5b/fast' のレシピで失敗しました
make: *** [cmTC_e9c5b/fast] エラー 2

File /home/ri/catkin_ws/build/CMakeFiles/CMakeTmp/CheckSymbolExists.c:
/* */
#include <pthread.h>

int main(int argc, char** argv)
{
  (void)argv;
#ifndef pthread_create
  return ((int*)(&pthread_create))[argc];
#else
  (void)argc;
  return 0;
#endif
}

Determining if the function pthread_create exists in the pthreads failed with the following output:
Change Dir: /home/ri/catkin_ws/build/CMakeFiles/CMakeTmp

Run Build Command:"/usr/bin/make" "cmTC_f8176/fast"
/usr/bin/make -f CMakeFiles/cmTC_f8176.dir/build.make CMakeFiles/cmTC_f8176.dir/build
make[1]: ディレクトリ '/home/ri/catkin_ws/build/CMakeFiles/CMakeTmp' に入ります
Building C object CMakeFiles/cmTC_f8176.dir/CheckFunctionExists.c.o
/usr/bin/cc    -DCHECK_FUNCTION_EXISTS=pthread_create   -o CMakeFiles/cmTC_f8176.dir/CheckFunctionExists.c.o   -c /usr/share/cmake-3.5/Modules/CheckFunctionExists.c
Linking C executable cmTC_f8176
/usr/bin/cmake -E cmake_link_script CMakeFiles/cmTC_f8176.dir/link.txt --verbose=1
/usr/bin/cc   -DCHECK_FUNCTION_EXISTS=pthread_create    CMakeFiles/cmTC_f8176.dir/CheckFunctionExists.c.o  -o cmTC_f8176 -rdynamic -lpthreads 
/usr/bin/ld: -lpthreads が見つかりません
collect2: error: ld returned 1 exit status
CMakeFiles/cmTC_f8176.dir/build.make:97: ターゲット 'cmTC_f8176' のレシピで失敗しました
make[1]: *** [cmTC_f8176] エラー 1
make[1]: ディレクトリ '/home/ri/catkin_ws/build/CMakeFiles/CMakeTmp' から出ます
Makefile:126: ターゲット 'cmTC_f8176/fast' のレシピで失敗しました
make: *** [cmTC_f8176/fast] エラー 2


